<?xml version="1.0" encoding="UTF-8"?>
<testng-results total="3" passed="3" failed="0" skipped="0">
  <reporter-output>
  </reporter-output>
  <suite started-at="2022-11-05T07:05:42Z" name="Default suite" finished-at="2022-11-05T07:05:42Z" duration-ms="57">
    <groups>
    </groups>
    <test started-at="2022-11-05T07:05:42Z" name="Default test" finished-at="2022-11-05T07:05:42Z" duration-ms="57">
      <class name="simplePackage.SeleniumScenariosTest">
        <test-method signature="sampleTest1()[pri:0, instance:simplePackage.SeleniumScenariosTest@6d167f58]" started-at="2022-11-05T12:35:42Z" name="sampleTest1" finished-at="2022-11-05T12:35:42Z" duration-ms="23" status="PASS">
          <reporter-output>
          </reporter-output>
        </test-method> <!-- sampleTest1 -->
        <test-method signature="sampleTest2()[pri:0, instance:simplePackage.SeleniumScenariosTest@6d167f58]" started-at="2022-11-05T12:35:42Z" name="sampleTest2" finished-at="2022-11-05T12:35:42Z" duration-ms="2" status="PASS">
          <reporter-output>
          </reporter-output>
        </test-method> <!-- sampleTest2 -->
        <test-method signature="sampleTest3()[pri:0, instance:simplePackage.SeleniumScenariosTest@6d167f58]" started-at="2022-11-05T12:35:42Z" name="sampleTest3" finished-at="2022-11-05T12:35:42Z" duration-ms="2" status="PASS">
          <reporter-output>
          </reporter-output>
        </test-method> <!-- sampleTest3 -->
      </class> <!-- simplePackage.SeleniumScenariosTest -->
    </test> <!-- Default test -->
  </suite> <!-- Default suite -->
</testng-results>
